# JRE version: 7.0_25-b30
# Java VM: OpenJDK 64-Bit Server VM (23.7-b01 mixed mode linux-amd64 compressed oops)
Heap
 PSYoungGen      total 95360K, used 5938K [0x00000000f5560000, 0x00000000fccf0000, 0x0000000100000000)
  eden space 70016K, 8% used [0x00000000f5560000,0x00000000f5b2ca60,0x00000000f99c0000)
  from space 25344K, 0% used [0x00000000fb310000,0x00000000fb310000,0x00000000fcbd0000)
  to   space 25920K, 0% used [0x00000000f99c0000,0x00000000f99c0000,0x00000000fb310000)
 ParOldGen       total 51008K, used 39474K [0x00000000e0000000, 0x00000000e31d0000, 0x00000000f5560000)
  object space 51008K, 77% used [0x00000000e0000000,0x00000000e268caa0,0x00000000e31d0000)
 PSPermGen       total 112640K, used 68113K [0x00000000d0000000, 0x00000000d6e00000, 0x00000000e0000000)
  object space 112640K, 60% used [0x00000000d0000000,0x00000000d42844d8,0x00000000d6e00000)
GC Heap History (10 events):
Event: 18,138 GC heap before
{Heap before GC invocations=12 (full 1):
 PSYoungGen      total 60736K, used 60683K [0x00000000f5560000, 0x00000000faec0000, 0x0000000100000000)
  eden space 46272K, 100% used [0x00000000f5560000,0x00000000f8290000,0x00000000f8290000)
  from space 14464K, 99% used [0x00000000fa0a0000,0x00000000faeb2f48,0x00000000faec0000)
  to   space 19648K, 0% used [0x00000000f8860000,0x00000000f8860000,0x00000000f9b90000)
 ParOldGen       total 51008K, used 31408K [0x00000000e0000000, 0x00000000e31d0000, 0x00000000f5560000)
  object space 51008K, 61% used [0x00000000e0000000,0x00000000e1eac280,0x00000000e31d0000)
 PSPermGen       total 83456K, used 59318K [0x00000000d0000000, 0x00000000d5180000, 0x00000000e0000000)
  object space 83456K, 71% used [0x00000000d0000000,0x00000000d39ed818,0x00000000d5180000)
Event: 18,173 GC heap after
Heap after GC invocations=12 (full 1):
 PSYoungGen      total 71872K, used 12825K [0x00000000f5560000, 0x00000000fb540000, 0x0000000100000000)
  eden space 52224K, 0% used [0x00000000f5560000,0x00000000f5560000,0x00000000f8860000)
  from space 19648K, 65% used [0x00000000f8860000,0x00000000f94e6478,0x00000000f9b90000)
  to   space 20032K, 0% used [0x00000000fa1b0000,0x00000000fa1b0000,0x00000000fb540000)
 ParOldGen       total 51008K, used 31408K [0x00000000e0000000, 0x00000000e31d0000, 0x00000000f5560000)
  object space 51008K, 61% used [0x00000000e0000000,0x00000000e1eac280,0x00000000e31d0000)
 PSPermGen       total 83456K, used 59318K [0x00000000d0000000, 0x00000000d5180000, 0x00000000e0000000)
  object space 83456K, 71% used [0x00000000d0000000,0x00000000d39ed818,0x00000000d5180000)
}
Event: 19,840 GC heap before
{Heap before GC invocations=13 (full 1):
 PSYoungGen      total 71872K, used 65049K [0x00000000f5560000, 0x00000000fb540000, 0x0000000100000000)
  eden space 52224K, 100% used [0x00000000f5560000,0x00000000f8860000,0x00000000f8860000)
  from space 19648K, 65% used [0x00000000f8860000,0x00000000f94e6478,0x00000000f9b90000)
  to   space 20032K, 0% used [0x00000000fa1b0000,0x00000000fa1b0000,0x00000000fb540000)
 ParOldGen       total 51008K, used 31408K [0x00000000e0000000, 0x00000000e31d0000, 0x00000000f5560000)
  object space 51008K, 61% used [0x00000000e0000000,0x00000000e1eac280,0x00000000e31d0000)
 PSPermGen       total 83456K, used 60782K [0x00000000d0000000, 0x00000000d5180000, 0x00000000e0000000)
  object space 83456K, 72% used [0x00000000d0000000,0x00000000d3b5b958,0x00000000d5180000)
Event: 19,878 GC heap after
Heap after GC invocations=13 (full 1):
 PSYoungGen      total 77504K, used 14008K [0x00000000f5560000, 0x00000000fbe60000, 0x0000000100000000)
  eden space 57472K, 0% used [0x00000000f5560000,0x00000000f5560000,0x00000000f8d80000)
  from space 20032K, 69% used [0x00000000fa1b0000,0x00000000faf5e330,0x00000000fb540000)
  to   space 20672K, 0% used [0x00000000f8d80000,0x00000000f8d80000,0x00000000fa1b0000)
 ParOldGen       total 51008K, used 31416K [0x00000000e0000000, 0x00000000e31d0000, 0x00000000f5560000)
  object space 51008K, 61% used [0x00000000e0000000,0x00000000e1eae280,0x00000000e31d0000)
 PSPermGen       total 83456K, used 60782K [0x00000000d0000000, 0x00000000d5180000, 0x00000000e0000000)
  object space 83456K, 72% used [0x00000000d0000000,0x00000000d3b5b958,0x00000000d5180000)
}
Event: 70,737 GC heap before
{Heap before GC invocations=14 (full 1):
 PSYoungGen      total 77504K, used 71480K [0x00000000f5560000, 0x00000000fbe60000, 0x0000000100000000)
  eden space 57472K, 100% used [0x00000000f5560000,0x00000000f8d80000,0x00000000f8d80000)
  from space 20032K, 69% used [0x00000000fa1b0000,0x00000000faf5e330,0x00000000fb540000)
  to   space 20672K, 0% used [0x00000000f8d80000,0x00000000f8d80000,0x00000000fa1b0000)
 ParOldGen       total 51008K, used 31416K [0x00000000e0000000, 0x00000000e31d0000, 0x00000000f5560000)
  object space 51008K, 61% used [0x00000000e0000000,0x00000000e1eae280,0x00000000e31d0000)
 PSPermGen       total 83456K, used 66490K [0x00000000d0000000, 0x00000000d5180000, 0x00000000e0000000)
  object space 83456K, 79% used [0x00000000d0000000,0x00000000d40ee980,0x00000000d5180000)
Event: 70,787 GC heap after
Heap after GC invocations=14 (full 1):
 PSYoungGen      total 78144K, used 20670K [0x00000000f5560000, 0x00000000fcbd0000, 0x0000000100000000)
  eden space 57472K, 0% used [0x00000000f5560000,0x00000000f5560000,0x00000000f8d80000)
  from space 20672K, 99% used [0x00000000f8d80000,0x00000000fa1afb78,0x00000000fa1b0000)
  to   space 25344K, 0% used [0x00000000fb310000,0x00000000fb310000,0x00000000fcbd0000)
 ParOldGen       total 51008K, used 35987K [0x00000000e0000000, 0x00000000e31d0000, 0x00000000f5560000)
  object space 51008K, 70% used [0x00000000e0000000,0x00000000e2324cf0,0x00000000e31d0000)
 PSPermGen       total 83456K, used 66490K [0x00000000d0000000, 0x00000000d5180000, 0x00000000e0000000)
  object space 83456K, 79% used [0x00000000d0000000,0x00000000d40ee980,0x00000000d5180000)
}
Event: 75,979 GC heap before
{Heap before GC invocations=15 (full 1):
 PSYoungGen      total 78144K, used 23620K [0x00000000f5560000, 0x00000000fcbd0000, 0x0000000100000000)
  eden space 57472K, 5% used [0x00000000f5560000,0x00000000f5841588,0x00000000f8d80000)
  from space 20672K, 99% used [0x00000000f8d80000,0x00000000fa1afb78,0x00000000fa1b0000)
  to   space 25344K, 0% used [0x00000000fb310000,0x00000000fb310000,0x00000000fcbd0000)
 ParOldGen       total 51008K, used 35987K [0x00000000e0000000, 0x00000000e31d0000, 0x00000000f5560000)
  object space 51008K, 70% used [0x00000000e0000000,0x00000000e2324cf0,0x00000000e31d0000)
 PSPermGen       total 83456K, used 66691K [0x00000000d0000000, 0x00000000d5180000, 0x00000000e0000000)
  object space 83456K, 79% used [0x00000000d0000000,0x00000000d4120e70,0x00000000d5180000)
Event: 76,023 GC heap after
Heap after GC invocations=15 (full 1):
 PSYoungGen      total 95360K, used 16709K [0x00000000f5560000, 0x00000000fccf0000, 0x0000000100000000)
  eden space 70016K, 0% used [0x00000000f5560000,0x00000000f5560000,0x00000000f99c0000)
  from space 25344K, 65% used [0x00000000fb310000,0x00000000fc361488,0x00000000fcbd0000)
  to   space 25920K, 0% used [0x00000000f99c0000,0x00000000f99c0000,0x00000000fb310000)
 ParOldGen       total 51008K, used 40285K [0x00000000e0000000, 0x00000000e31d0000, 0x00000000f5560000)
  object space 51008K, 78% used [0x00000000e0000000,0x00000000e2757430,0x00000000e31d0000)
 PSPermGen       total 83456K, used 66691K [0x00000000d0000000, 0x00000000d5180000, 0x00000000e0000000)
  object space 83456K, 79% used [0x00000000d0000000,0x00000000d4120e70,0x00000000d5180000)
}
Event: 76,023 GC heap before
{Heap before GC invocations=16 (full 2):
 PSYoungGen      total 95360K, used 16709K [0x00000000f5560000, 0x00000000fccf0000, 0x0000000100000000)
  eden space 70016K, 0% used [0x00000000f5560000,0x00000000f5560000,0x00000000f99c0000)
  from space 25344K, 65% used [0x00000000fb310000,0x00000000fc361488,0x00000000fcbd0000)
  to   space 25920K, 0% used [0x00000000f99c0000,0x00000000f99c0000,0x00000000fb310000)
 ParOldGen       total 51008K, used 40285K [0x00000000e0000000, 0x00000000e31d0000, 0x00000000f5560000)
  object space 51008K, 78% used [0x00000000e0000000,0x00000000e2757430,0x00000000e31d0000)
 PSPermGen       total 83456K, used 66691K [0x00000000d0000000, 0x00000000d5180000, 0x00000000e0000000)
  object space 83456K, 79% used [0x00000000d0000000,0x00000000d4120e70,0x00000000d5180000)
Event: 76,401 GC heap after
Heap after GC invocations=16 (full 2):
 PSYoungGen      total 95360K, used 0K [0x00000000f5560000, 0x00000000fccf0000, 0x0000000100000000)
  eden space 70016K, 0% used [0x00000000f5560000,0x00000000f5560000,0x00000000f99c0000)
  from space 25344K, 0% used [0x00000000fb310000,0x00000000fb310000,0x00000000fcbd0000)
  to   space 25920K, 0% used [0x00000000f99c0000,0x00000000f99c0000,0x00000000fb310000)
 ParOldGen       total 51008K, used 39474K [0x00000000e0000000, 0x00000000e31d0000, 0x00000000f5560000)
  object space 51008K, 77% used [0x00000000e0000000,0x00000000e268caa0,0x00000000e31d0000)
 PSPermGen       total 112640K, used 66682K [0x00000000d0000000, 0x00000000d6e00000, 0x00000000e0000000)
  object space 112640K, 59% used [0x00000000d0000000,0x00000000d411ea68,0x00000000d6e00000)
}

